{"/home/aperezl/mio/otro_blog/api/src/graphql/mutations/auth/login.js": {"path":"/home/aperezl/mio/otro_blog/api/src/graphql/mutations/auth/login.js","statementMap":{"0":{"start":{"line":3,"column":25},"end":{"line":19,"column":2}},"1":{"start":{"line":3,"column":61},"end":{"line":19,"column":1}},"2":{"start":{"line":10,"column":17},"end":{"line":10,"column":56}},"3":{"start":{"line":11,"column":4},"end":{"line":11,"column":89}},"4":{"start":{"line":11,"column":45},"end":{"line":11,"column":89}},"5":{"start":{"line":12,"column":18},"end":{"line":16,"column":6}},"6":{"start":{"line":17,"column":4},"end":{"line":17,"column":16}}},"fnMap":{"0":{"name":"(anonymous_0)","decl":{"start":{"line":3,"column":25},"end":{"line":3,"column":26}},"loc":{"start":{"line":3,"column":61},"end":{"line":19,"column":1}},"line":3},"1":{"name":"(anonymous_1)","decl":{"start":{"line":9,"column":11},"end":{"line":9,"column":12}},"loc":{"start":{"line":9,"column":45},"end":{"line":18,"column":3}},"line":9}},"branchMap":{"0":{"loc":{"start":{"line":11,"column":4},"end":{"line":11,"column":89}},"type":"if","locations":[{"start":{"line":11,"column":4},"end":{"line":11,"column":89}},{"start":{},"end":{}}],"line":11},"1":{"loc":{"start":{"line":11,"column":8},"end":{"line":11,"column":43}},"type":"binary-expr","locations":[{"start":{"line":11,"column":8},"end":{"line":11,"column":13}},{"start":{"line":11,"column":17},"end":{"line":11,"column":43}}],"line":11}},"s":{"0":1,"1":3,"2":3,"3":3,"4":2,"5":1,"6":1},"f":{"0":3,"1":3},"b":{"0":[2,1],"1":[3,2]},"_coverageSchema":"1a1c01bbd47fc00a2c39e90264f33305004495a9","hash":"944b6fa93a94b667433af6385fd86ea151e9988d"}
,"/home/aperezl/mio/otro_blog/api/src/graphql/mutations/auth/register.js": {"path":"/home/aperezl/mio/otro_blog/api/src/graphql/mutations/auth/register.js","statementMap":{"0":{"start":{"line":4,"column":28},"end":{"line":26,"column":2}},"1":{"start":{"line":4,"column":64},"end":{"line":26,"column":1}},"2":{"start":{"line":14,"column":27},"end":{"line":14,"column":75}},"3":{"start":{"line":15,"column":4},"end":{"line":17,"column":5}},"4":{"start":{"line":16,"column":6},"end":{"line":16,"column":36}},"5":{"start":{"line":18,"column":17},"end":{"line":18,"column":50}},"6":{"start":{"line":19,"column":18},"end":{"line":23,"column":6}},"7":{"start":{"line":24,"column":4},"end":{"line":24,"column":16}}},"fnMap":{"0":{"name":"(anonymous_0)","decl":{"start":{"line":4,"column":28},"end":{"line":4,"column":29}},"loc":{"start":{"line":4,"column":64},"end":{"line":26,"column":1}},"line":4},"1":{"name":"(anonymous_1)","decl":{"start":{"line":13,"column":11},"end":{"line":13,"column":12}},"loc":{"start":{"line":13,"column":30},"end":{"line":25,"column":3}},"line":13}},"branchMap":{"0":{"loc":{"start":{"line":15,"column":4},"end":{"line":17,"column":5}},"type":"if","locations":[{"start":{"line":15,"column":4},"end":{"line":17,"column":5}},{"start":{},"end":{}}],"line":15}},"s":{"0":1,"1":5,"2":5,"3":5,"4":4,"5":1,"6":1,"7":1},"f":{"0":5,"1":5},"b":{"0":[4,1]},"_coverageSchema":"1a1c01bbd47fc00a2c39e90264f33305004495a9","hash":"2457eef6271bd764a46cd7aa272f135d01515904"}
,"/home/aperezl/mio/otro_blog/api/src/util/validator.js": {"path":"/home/aperezl/mio/otro_blog/api/src/util/validator.js","statementMap":{"0":{"start":{"line":1,"column":25},"end":{"line":1,"column":81}},"1":{"start":{"line":1,"column":45},"end":{"line":1,"column":81}},"2":{"start":{"line":1,"column":70},"end":{"line":1,"column":80}}},"fnMap":{"0":{"name":"(anonymous_0)","decl":{"start":{"line":1,"column":25},"end":{"line":1,"column":26}},"loc":{"start":{"line":1,"column":45},"end":{"line":1,"column":81}},"line":1},"1":{"name":"(anonymous_1)","decl":{"start":{"line":1,"column":61},"end":{"line":1,"column":62}},"loc":{"start":{"line":1,"column":70},"end":{"line":1,"column":80}},"line":1}},"branchMap":{},"s":{"0":1,"1":5,"2":14},"f":{"0":5,"1":14},"b":{},"_coverageSchema":"1a1c01bbd47fc00a2c39e90264f33305004495a9","hash":"1eba09cf7b44391c1a9f3e0308cf5d840b206934"}
}
